# JRE version: OpenJDK Runtime Environment Temurin-21.0.8+9 (21.0.8+9) (build 21.0.8+9-LTS)
# Java VM: OpenJDK 64-Bit Server VM Temurin-21.0.8+9 (21.0.8+9-LTS, mixed mode, sharing, tiered, compressed oops, compressed class ptrs, parallel gc, windows-amd64)
GC Precious Log:
 CardTable entry size: 512
 CPUs: 16 total, 16 available
 Memory: 15720M
 Large Page Support: Disabled
 NUMA Support: Disabled
 Compressed Oops: Enabled (32-bit)
 Alignments: Space 512K, Generation 512K, Heap 2M
 Heap Min Capacity: 100M
 Heap Initial Capacity: 100M
 Heap Max Capacity: 2G
 Pre-touch: Disabled
 Parallel Workers: 13
Heap:
 PSYoungGen      total 6656K, used 5589K [0x00000000d5580000, 0x00000000d5d80000, 0x0000000100000000)
  eden space 6144K, 85% used [0x00000000d5580000,0x00000000d5a9d708,0x00000000d5b80000)
  from space 512K, 68% used [0x00000000d5c80000,0x00000000d5cd8000,0x00000000d5d00000)
  to   space 512K, 0% used [0x00000000d5d00000,0x00000000d5d00000,0x00000000d5d80000)
 ParOldGen       total 89600K, used 89438K [0x0000000080000000, 0x0000000085780000, 0x00000000d5580000)
  object space 89600K, 99% used [0x0000000080000000,0x0000000085757a88,0x0000000085780000)
 Metaspace       used 78723K, committed 80448K, reserved 1179648K
  class space    used 9651K, committed 10432K, reserved 1048576K
GC Heap History (20 events):
Event: 58.406 GC heap before
{Heap before GC invocations=153 (full 3):
 PSYoungGen      total 6656K, used 6629K [0x00000000d5580000, 0x00000000d5f80000, 0x0000000100000000)
  eden space 6144K, 99% used [0x00000000d5580000,0x00000000d5b7fff0,0x00000000d5b80000)
  from space 512K, 94% used [0x00000000d5c80000,0x00000000d5cf94c8,0x00000000d5d00000)
  to   space 2048K, 0% used [0x00000000d5d80000,0x00000000d5d80000,0x00000000d5f80000)
 ParOldGen       total 88064K, used 87705K [0x0000000080000000, 0x0000000085600000, 0x00000000d5580000)
  object space 88064K, 99% used [0x0000000080000000,0x00000000855a6450,0x0000000085600000)
 Metaspace       used 76913K, committed 78592K, reserved 1179648K
  class space    used 9495K, committed 10240K, reserved 1048576K
}
Event: 58.409 GC heap after
{Heap after GC invocations=153 (full 3):
 PSYoungGen      total 7168K, used 896K [0x00000000d5580000, 0x00000000d5e80000, 0x0000000100000000)
  eden space 6144K, 0% used [0x00000000d5580000,0x00000000d5580000,0x00000000d5b80000)
  from space 1024K, 87% used [0x00000000d5d80000,0x00000000d5e60020,0x00000000d5e80000)
  to   space 1536K, 0% used [0x00000000d5b80000,0x00000000d5b80000,0x00000000d5d00000)
 ParOldGen       total 88064K, used 87891K [0x0000000080000000, 0x0000000085600000, 0x00000000d5580000)
  object space 88064K, 99% used [0x0000000080000000,0x00000000855d4d10,0x0000000085600000)
 Metaspace       used 76913K, committed 78592K, reserved 1179648K
  class space    used 9495K, committed 10240K, reserved 1048576K
}
Event: 310.364 GC heap before
{Heap before GC invocations=154 (full 3):
 PSYoungGen      total 7168K, used 7040K [0x00000000d5580000, 0x00000000d5e80000, 0x0000000100000000)
  eden space 6144K, 99% used [0x00000000d5580000,0x00000000d5b7ffe0,0x00000000d5b80000)
  from space 1024K, 87% used [0x00000000d5d80000,0x00000000d5e60020,0x00000000d5e80000)
  to   space 1536K, 0% used [0x00000000d5b80000,0x00000000d5b80000,0x00000000d5d00000)
 ParOldGen       total 88064K, used 87891K [0x0000000080000000, 0x0000000085600000, 0x00000000d5580000)
  object space 88064K, 99% used [0x0000000080000000,0x00000000855d4d10,0x0000000085600000)
 Metaspace       used 77441K, committed 79104K, reserved 1179648K
  class space    used 9551K, committed 10304K, reserved 1048576K
}
Event: 310.379 GC heap after
{Heap after GC invocations=154 (full 3):
 PSYoungGen      total 7680K, used 448K [0x00000000d5580000, 0x00000000d5e00000, 0x0000000100000000)
  eden space 6144K, 0% used [0x00000000d5580000,0x00000000d5580000,0x00000000d5b80000)
  from space 1536K, 29% used [0x00000000d5b80000,0x00000000d5bf0000,0x00000000d5d00000)
  to   space 1024K, 0% used [0x00000000d5d00000,0x00000000d5d00000,0x00000000d5e00000)
 ParOldGen       total 88576K, used 88553K [0x0000000080000000, 0x0000000085680000, 0x00000000d5580000)
  object space 88576K, 99% used [0x0000000080000000,0x000000008567a790,0x0000000085680000)
 Metaspace       used 77441K, committed 79104K, reserved 1179648K
  class space    used 9551K, committed 10304K, reserved 1048576K
}
Event: 716.621 GC heap before
{Heap before GC invocations=155 (full 3):
 PSYoungGen      total 7680K, used 6592K [0x00000000d5580000, 0x00000000d5e00000, 0x0000000100000000)
  eden space 6144K, 100% used [0x00000000d5580000,0x00000000d5b80000,0x00000000d5b80000)
  from space 1536K, 29% used [0x00000000d5b80000,0x00000000d5bf0000,0x00000000d5d00000)
  to   space 1024K, 0% used [0x00000000d5d00000,0x00000000d5d00000,0x00000000d5e00000)
 ParOldGen       total 88576K, used 88553K [0x0000000080000000, 0x0000000085680000, 0x00000000d5580000)
  object space 88576K, 99% used [0x0000000080000000,0x000000008567a790,0x0000000085680000)
 Metaspace       used 78149K, committed 79872K, reserved 1179648K
  class space    used 9648K, committed 10432K, reserved 1048576K
}
Event: 716.625 GC heap after
{Heap after GC invocations=155 (full 3):
 PSYoungGen      total 6656K, used 470K [0x00000000d5580000, 0x00000000d5d80000, 0x0000000100000000)
  eden space 6144K, 0% used [0x00000000d5580000,0x00000000d5580000,0x00000000d5b80000)
  from space 512K, 91% used [0x00000000d5d00000,0x00000000d5d758b8,0x00000000d5d80000)
  to   space 512K, 0% used [0x00000000d5c80000,0x00000000d5c80000,0x00000000d5d00000)
 ParOldGen       total 89088K, used 88761K [0x0000000080000000, 0x0000000085700000, 0x00000000d5580000)
  object space 89088K, 99% used [0x0000000080000000,0x00000000856ae790,0x0000000085700000)
 Metaspace       used 78149K, committed 79872K, reserved 1179648K
  class space    used 9648K, committed 10432K, reserved 1048576K
}
Event: 873.241 GC heap before
{Heap before GC invocations=156 (full 3):
 PSYoungGen      total 6656K, used 6614K [0x00000000d5580000, 0x00000000d5d80000, 0x0000000100000000)
  eden space 6144K, 100% used [0x00000000d5580000,0x00000000d5b80000,0x00000000d5b80000)
  from space 512K, 91% used [0x00000000d5d00000,0x00000000d5d758b8,0x00000000d5d80000)
  to   space 512K, 0% used [0x00000000d5c80000,0x00000000d5c80000,0x00000000d5d00000)
 ParOldGen       total 89088K, used 88761K [0x0000000080000000, 0x0000000085700000, 0x00000000d5580000)
  object space 89088K, 99% used [0x0000000080000000,0x00000000856ae790,0x0000000085700000)
 Metaspace       used 78244K, committed 79936K, reserved 1179648K
  class space    used 9648K, committed 10432K, reserved 1048576K
}
Event: 873.250 GC heap after
{Heap after GC invocations=156 (full 3):
 PSYoungGen      total 6656K, used 416K [0x00000000d5580000, 0x00000000d5d80000, 0x0000000100000000)
  eden space 6144K, 0% used [0x00000000d5580000,0x00000000d5580000,0x00000000d5b80000)
  from space 512K, 81% used [0x00000000d5c80000,0x00000000d5ce8000,0x00000000d5d00000)
  to   space 512K, 0% used [0x00000000d5d00000,0x00000000d5d00000,0x00000000d5d80000)
 ParOldGen       total 89088K, used 88982K [0x0000000080000000, 0x0000000085700000, 0x00000000d5580000)
  object space 89088K, 99% used [0x0000000080000000,0x00000000856e5a88,0x0000000085700000)
 Metaspace       used 78244K, committed 79936K, reserved 1179648K
  class space    used 9648K, committed 10432K, reserved 1048576K
}
Event: 1606.216 GC heap before
{Heap before GC invocations=157 (full 3):
 PSYoungGen      total 6656K, used 6558K [0x00000000d5580000, 0x00000000d5d80000, 0x0000000100000000)
  eden space 6144K, 99% used [0x00000000d5580000,0x00000000d5b7faf8,0x00000000d5b80000)
  from space 512K, 81% used [0x00000000d5c80000,0x00000000d5ce8000,0x00000000d5d00000)
  to   space 512K, 0% used [0x00000000d5d00000,0x00000000d5d00000,0x00000000d5d80000)
 ParOldGen       total 89088K, used 88982K [0x0000000080000000, 0x0000000085700000, 0x00000000d5580000)
  object space 89088K, 99% used [0x0000000080000000,0x00000000856e5a88,0x0000000085700000)
 Metaspace       used 78358K, committed 80064K, reserved 1179648K
  class space    used 9648K, committed 10432K, reserved 1048576K
}
Event: 1606.217 GC heap after
{Heap after GC invocations=157 (full 3):
 PSYoungGen      total 6656K, used 352K [0x00000000d5580000, 0x00000000d5d80000, 0x0000000100000000)
  eden space 6144K, 0% used [0x00000000d5580000,0x00000000d5580000,0x00000000d5b80000)
  from space 512K, 68% used [0x00000000d5d00000,0x00000000d5d58000,0x00000000d5d80000)
  to   space 512K, 0% used [0x00000000d5c80000,0x00000000d5c80000,0x00000000d5d00000)
 ParOldGen       total 89088K, used 89038K [0x0000000080000000, 0x0000000085700000, 0x00000000d5580000)
  object space 89088K, 99% used [0x0000000080000000,0x00000000856f3a88,0x0000000085700000)
 Metaspace       used 78358K, committed 80064K, reserved 1179648K
  class space    used 9648K, committed 10432K, reserved 1048576K
}
Event: 4875.062 GC heap before
{Heap before GC invocations=158 (full 3):
 PSYoungGen      total 6656K, used 6496K [0x00000000d5580000, 0x00000000d5d80000, 0x0000000100000000)
  eden space 6144K, 100% used [0x00000000d5580000,0x00000000d5b80000,0x00000000d5b80000)
  from space 512K, 68% used [0x00000000d5d00000,0x00000000d5d58000,0x00000000d5d80000)
  to   space 512K, 0% used [0x00000000d5c80000,0x00000000d5c80000,0x00000000d5d00000)
 ParOldGen       total 89088K, used 89038K [0x0000000080000000, 0x0000000085700000, 0x00000000d5580000)
  object space 89088K, 99% used [0x0000000080000000,0x00000000856f3a88,0x0000000085700000)
 Metaspace       used 78451K, committed 80128K, reserved 1179648K
  class space    used 9649K, committed 10432K, reserved 1048576K
}
Event: 4875.079 GC heap after
{Heap after GC invocations=158 (full 3):
 PSYoungGen      total 6656K, used 416K [0x00000000d5580000, 0x00000000d5d80000, 0x0000000100000000)
  eden space 6144K, 0% used [0x00000000d5580000,0x00000000d5580000,0x00000000d5b80000)
  from space 512K, 81% used [0x00000000d5c80000,0x00000000d5ce8000,0x00000000d5d00000)
  to   space 512K, 0% used [0x00000000d5d00000,0x00000000d5d00000,0x00000000d5d80000)
 ParOldGen       total 89600K, used 89126K [0x0000000080000000, 0x0000000085780000, 0x00000000d5580000)
  object space 89600K, 99% used [0x0000000080000000,0x0000000085709a88,0x0000000085780000)
 Metaspace       used 78451K, committed 80128K, reserved 1179648K
  class space    used 9649K, committed 10432K, reserved 1048576K
}
Event: 5082.816 GC heap before
{Heap before GC invocations=159 (full 3):
 PSYoungGen      total 6656K, used 6560K [0x00000000d5580000, 0x00000000d5d80000, 0x0000000100000000)
  eden space 6144K, 100% used [0x00000000d5580000,0x00000000d5b80000,0x00000000d5b80000)
  from space 512K, 81% used [0x00000000d5c80000,0x00000000d5ce8000,0x00000000d5d00000)
  to   space 512K, 0% used [0x00000000d5d00000,0x00000000d5d00000,0x00000000d5d80000)
 ParOldGen       total 89600K, used 89126K [0x0000000080000000, 0x0000000085780000, 0x00000000d5580000)
  object space 89600K, 99% used [0x0000000080000000,0x0000000085709a88,0x0000000085780000)
 Metaspace       used 78484K, committed 80192K, reserved 1179648K
  class space    used 9649K, committed 10432K, reserved 1048576K
}
Event: 5082.819 GC heap after
{Heap after GC invocations=159 (full 3):
 PSYoungGen      total 6656K, used 352K [0x00000000d5580000, 0x00000000d5d80000, 0x0000000100000000)
  eden space 6144K, 0% used [0x00000000d5580000,0x00000000d5580000,0x00000000d5b80000)
  from space 512K, 68% used [0x00000000d5d00000,0x00000000d5d58000,0x00000000d5d80000)
  to   space 512K, 0% used [0x00000000d5c80000,0x00000000d5c80000,0x00000000d5d00000)
 ParOldGen       total 89600K, used 89198K [0x0000000080000000, 0x0000000085780000, 0x00000000d5580000)
  object space 89600K, 99% used [0x0000000080000000,0x000000008571ba88,0x0000000085780000)
 Metaspace       used 78484K, committed 80192K, reserved 1179648K
  class space    used 9649K, committed 10432K, reserved 1048576K
}
Event: 5577.798 GC heap before
{Heap before GC invocations=160 (full 3):
 PSYoungGen      total 6656K, used 6496K [0x00000000d5580000, 0x00000000d5d80000, 0x0000000100000000)
  eden space 6144K, 100% used [0x00000000d5580000,0x00000000d5b80000,0x00000000d5b80000)
  from space 512K, 68% used [0x00000000d5d00000,0x00000000d5d58000,0x00000000d5d80000)
  to   space 512K, 0% used [0x00000000d5c80000,0x00000000d5c80000,0x00000000d5d00000)
 ParOldGen       total 89600K, used 89198K [0x0000000080000000, 0x0000000085780000, 0x00000000d5580000)
  object space 89600K, 99% used [0x0000000080000000,0x000000008571ba88,0x0000000085780000)
 Metaspace       used 78539K, committed 80256K, reserved 1179648K
  class space    used 9651K, committed 10432K, reserved 1048576K
}
Event: 5577.802 GC heap after
{Heap after GC invocations=160 (full 3):
 PSYoungGen      total 6656K, used 352K [0x00000000d5580000, 0x00000000d5d80000, 0x0000000100000000)
  eden space 6144K, 0% used [0x00000000d5580000,0x00000000d5580000,0x00000000d5b80000)
  from space 512K, 68% used [0x00000000d5c80000,0x00000000d5cd8000,0x00000000d5d00000)
  to   space 512K, 0% used [0x00000000d5d00000,0x00000000d5d00000,0x00000000d5d80000)
 ParOldGen       total 89600K, used 89278K [0x0000000080000000, 0x0000000085780000, 0x00000000d5580000)
  object space 89600K, 99% used [0x0000000080000000,0x000000008572fa88,0x0000000085780000)
 Metaspace       used 78539K, committed 80256K, reserved 1179648K
  class space    used 9651K, committed 10432K, reserved 1048576K
}
Event: 5879.883 GC heap before
{Heap before GC invocations=161 (full 3):
 PSYoungGen      total 6656K, used 6496K [0x00000000d5580000, 0x00000000d5d80000, 0x0000000100000000)
  eden space 6144K, 100% used [0x00000000d5580000,0x00000000d5b80000,0x00000000d5b80000)
  from space 512K, 68% used [0x00000000d5c80000,0x00000000d5cd8000,0x00000000d5d00000)
  to   space 512K, 0% used [0x00000000d5d00000,0x00000000d5d00000,0x00000000d5d80000)
 ParOldGen       total 89600K, used 89278K [0x0000000080000000, 0x0000000085780000, 0x00000000d5580000)
  object space 89600K, 99% used [0x0000000080000000,0x000000008572fa88,0x0000000085780000)
 Metaspace       used 78599K, committed 80384K, reserved 1179648K
  class space    used 9651K, committed 10432K, reserved 1048576K
}
Event: 5879.884 GC heap after
{Heap after GC invocations=161 (full 3):
 PSYoungGen      total 6656K, used 352K [0x00000000d5580000, 0x00000000d5d80000, 0x0000000100000000)
  eden space 6144K, 0% used [0x00000000d5580000,0x00000000d5580000,0x00000000d5b80000)
  from space 512K, 68% used [0x00000000d5d00000,0x00000000d5d58000,0x00000000d5d80000)
  to   space 512K, 0% used [0x00000000d5c80000,0x00000000d5c80000,0x00000000d5d00000)
 ParOldGen       total 89600K, used 89366K [0x0000000080000000, 0x0000000085780000, 0x00000000d5580000)
  object space 89600K, 99% used [0x0000000080000000,0x0000000085745a88,0x0000000085780000)
 Metaspace       used 78599K, committed 80384K, reserved 1179648K
  class space    used 9651K, committed 10432K, reserved 1048576K
}
Event: 6321.166 GC heap before
{Heap before GC invocations=162 (full 3):
 PSYoungGen      total 6656K, used 6496K [0x00000000d5580000, 0x00000000d5d80000, 0x0000000100000000)
  eden space 6144K, 100% used [0x00000000d5580000,0x00000000d5b80000,0x00000000d5b80000)
  from space 512K, 68% used [0x00000000d5d00000,0x00000000d5d58000,0x00000000d5d80000)
  to   space 512K, 0% used [0x00000000d5c80000,0x00000000d5c80000,0x00000000d5d00000)
 ParOldGen       total 89600K, used 89366K [0x0000000080000000, 0x0000000085780000, 0x00000000d5580000)
  object space 89600K, 99% used [0x0000000080000000,0x0000000085745a88,0x0000000085780000)
 Metaspace       used 78669K, committed 80384K, reserved 1179648K
  class space    used 9651K, committed 10432K, reserved 1048576K
}
Event: 6321.168 GC heap after
{Heap after GC invocations=162 (full 3):
 PSYoungGen      total 6656K, used 352K [0x00000000d5580000, 0x00000000d5d80000, 0x0000000100000000)
  eden space 6144K, 0% used [0x00000000d5580000,0x00000000d5580000,0x00000000d5b80000)
  from space 512K, 68% used [0x00000000d5c80000,0x00000000d5cd8000,0x00000000d5d00000)
  to   space 512K, 0% used [0x00000000d5d00000,0x00000000d5d00000,0x00000000d5d80000)
 ParOldGen       total 89600K, used 89438K [0x0000000080000000, 0x0000000085780000, 0x00000000d5580000)
  object space 89600K, 99% used [0x0000000080000000,0x0000000085757a88,0x0000000085780000)
 Metaspace       used 78669K, committed 80384K, reserved 1179648K
  class space    used 9651K, committed 10432K, reserved 1048576K
}

